<?xml version="1.0" encoding="UTF-8"?>
<testsuite name="Tests" tests="1" skipped="0" failures="0" errors="0" timestamp="2021-01-28T20:59:15" hostname="LAPTOP-NULAA6IT" time="0.014">
  <properties/>
  <testcase name="testSolution" classname="Tests" time="0.014"/>
  <system-out><![CDATA[]]></system-out>
  <system-err><![CDATA[]]></system-err>
</testsuite>
