<?xml version="1.0" encoding="UTF-8"?>
<testsuite name="TestShape" tests="2" skipped="0" failures="0" errors="0" timestamp="2021-01-28T20:55:24" hostname="LAPTOP-NULAA6IT" time="0.008">
  <properties/>
  <testcase name="testShapeConstructor" classname="TestShape" time="0.006"/>
  <testcase name="testShapeConstructorFunctionality" classname="TestShape" time="0.002"/>
  <system-out><![CDATA[]]></system-out>
  <system-err><![CDATA[]]></system-err>
</testsuite>
