<?xml version="1.0" encoding="UTF-8"?>
<testsuite name="TestSquare" tests="5" skipped="0" failures="0" errors="0" timestamp="2021-01-28T20:55:24" hostname="LAPTOP-NULAA6IT" time="0.012">
  <properties/>
  <testcase name="testAreaAndPerimeter" classname="TestSquare" time="0.006"/>
  <testcase name="testToString" classname="TestSquare" time="0.003"/>
  <testcase name="testEquals" classname="TestSquare" time="0.0"/>
  <testcase name="testInheritance" classname="TestSquare" time="0.0"/>
  <testcase name="testConstructor" classname="TestSquare" time="0.0"/>
  <system-out><![CDATA[]]></system-out>
  <system-err><![CDATA[]]></system-err>
</testsuite>
